2024-10-04 09:46:13,990 INFO StartupInfoLogger [main] Starting RidebookingApplication using Java 17.0.10 with PID 16412 (D:\Sem 3\CSCI927\Project\Project -927\Workspace\lts\target\classes started by HP in D:\Sem 3\CSCI927\Project\Project -927\Workspace\lts)
2024-10-04 09:46:13,990 INFO StartupInfoLogger [main] Starting RidebookingApplication using Java 17.0.10 with PID 16412 (D:\Sem 3\CSCI927\Project\Project -927\Workspace\lts\target\classes started by HP in D:\Sem 3\CSCI927\Project\Project -927\Workspace\lts)
2024-10-04 09:46:14,003 DEBUG StartupInfoLogger [main] Running with Spring Boot v3.3.4, Spring v6.1.13
2024-10-04 09:46:14,003 DEBUG StartupInfoLogger [main] Running with Spring Boot v3.3.4, Spring v6.1.13
2024-10-04 09:46:14,006 INFO SpringApplication [main] No active profile set, falling back to 1 default profile: "default"
2024-10-04 09:46:14,006 INFO SpringApplication [main] No active profile set, falling back to 1 default profile: "default"
2024-10-04 09:46:15,377 INFO RepositoryConfigurationDelegate [main] Bootstrapping Spring Data JPA repositories in DEFAULT mode.
2024-10-04 09:46:15,468 INFO RepositoryConfigurationDelegate [main] Finished Spring Data repository scanning in 78 ms. Found 2 JPA repository interfaces.
2024-10-04 09:46:16,558 INFO TomcatWebServer [main] Tomcat initialized with port 8081 (http)
2024-10-04 09:46:16,576 INFO DirectJDKLog [main] Initializing ProtocolHandler ["http-nio-8081"]
2024-10-04 09:46:16,582 INFO DirectJDKLog [main] Starting service [Tomcat]
2024-10-04 09:46:16,585 INFO DirectJDKLog [main] Starting Servlet engine: [Apache Tomcat/10.1.30]
2024-10-04 09:46:16,678 INFO DirectJDKLog [main] Initializing Spring embedded WebApplicationContext
2024-10-04 09:46:16,683 INFO ServletWebServerApplicationContext [main] Root WebApplicationContext: initialization completed in 2617 ms
2024-10-04 09:46:17,254 INFO LogHelper [main] HHH000204: Processing PersistenceUnitInfo [name: default]
2024-10-04 09:46:17,346 INFO Version [main] HHH000412: Hibernate ORM core version 6.5.3.Final
2024-10-04 09:46:17,410 INFO RegionFactoryInitiator [main] HHH000026: Second-level cache disabled
2024-10-04 09:46:17,904 INFO SpringPersistenceUnitInfo [main] No LoadTimeWeaver setup: ignoring JPA class transformer
2024-10-04 09:46:17,959 INFO HikariDataSource [main] HikariPool-1 - Starting...
2024-10-04 09:46:18,451 INFO HikariPool [main] HikariPool-1 - Added connection com.mysql.cj.jdbc.ConnectionImpl@3117ac8d
2024-10-04 09:46:18,454 INFO HikariDataSource [main] HikariPool-1 - Start completed.
2024-10-04 09:46:18,541 WARN DialectFactoryImpl [main] HHH90000025: MySQLDialect does not need to be specified explicitly using 'hibernate.dialect' (remove the property setting and it will be selected by default)
2024-10-04 09:46:19,992 INFO JtaPlatformInitiator [main] HHH000489: No JTA platform available (set 'hibernate.transaction.jta.platform' to enable JTA platform integration)
2024-10-04 09:46:20,058 INFO AbstractEntityManagerFactoryBean [main] Initialized JPA EntityManagerFactory for persistence unit 'default'
2024-10-04 09:46:20,557 WARN JpaBaseConfiguration$JpaWebConfiguration [main] spring.jpa.open-in-view is enabled by default. Therefore, database queries may be performed during view rendering. Explicitly configure spring.jpa.open-in-view to disable this warning
2024-10-04 09:46:21,438 INFO EndpointLinksResolver [main] Exposing 1 endpoint beneath base path '/actuator'
2024-10-04 09:46:21,533 INFO DirectJDKLog [main] Starting ProtocolHandler ["http-nio-8081"]
2024-10-04 09:46:21,568 INFO TomcatWebServer [main] Tomcat started on port 8081 (http) with context path '/'
2024-10-04 09:46:21,593 INFO StartupInfoLogger [main] Started RidebookingApplication in 8.154 seconds (process running for 9.492)
2024-10-04 09:46:21,593 INFO StartupInfoLogger [main] Started RidebookingApplication in 8.154 seconds (process running for 9.492)
