2024-10-07 23:55:19,270 INFO StartupInfoLogger [main] Starting RidebookingApplication using Java 17.0.10 with PID 8188 (D:\Sem 3\CSCI927\Project\Project -927\Workspace\lts\target\classes started by HP in D:\Sem 3\CSCI927\Project\Project -927\Workspace\lts)
2024-10-07 23:55:19,270 INFO StartupInfoLogger [main] Starting RidebookingApplication using Java 17.0.10 with PID 8188 (D:\Sem 3\CSCI927\Project\Project -927\Workspace\lts\target\classes started by HP in D:\Sem 3\CSCI927\Project\Project -927\Workspace\lts)
2024-10-07 23:55:19,287 DEBUG StartupInfoLogger [main] Running with Spring Boot v3.3.4, Spring v6.1.13
2024-10-07 23:55:19,287 DEBUG StartupInfoLogger [main] Running with Spring Boot v3.3.4, Spring v6.1.13
2024-10-07 23:55:19,293 INFO SpringApplication [main] No active profile set, falling back to 1 default profile: "default"
2024-10-07 23:55:19,293 INFO SpringApplication [main] No active profile set, falling back to 1 default profile: "default"
2024-10-07 23:55:20,750 INFO RepositoryConfigurationDelegate [main] Bootstrapping Spring Data JPA repositories in DEFAULT mode.
2024-10-07 23:55:20,865 INFO RepositoryConfigurationDelegate [main] Finished Spring Data repository scanning in 99 ms. Found 2 JPA repository interfaces.
2024-10-07 23:55:22,057 INFO TomcatWebServer [main] Tomcat initialized with port 8081 (http)
2024-10-07 23:55:22,105 INFO DirectJDKLog [main] Initializing ProtocolHandler ["http-nio-8081"]
2024-10-07 23:55:22,117 INFO DirectJDKLog [main] Starting service [Tomcat]
2024-10-07 23:55:22,121 INFO DirectJDKLog [main] Starting Servlet engine: [Apache Tomcat/10.1.30]
2024-10-07 23:55:22,231 INFO DirectJDKLog [main] Initializing Spring embedded WebApplicationContext
2024-10-07 23:55:22,236 INFO ServletWebServerApplicationContext [main] Root WebApplicationContext: initialization completed in 2854 ms
2024-10-07 23:55:22,774 INFO LogHelper [main] HHH000204: Processing PersistenceUnitInfo [name: default]
2024-10-07 23:55:22,868 INFO Version [main] HHH000412: Hibernate ORM core version 6.5.3.Final
2024-10-07 23:55:22,932 INFO RegionFactoryInitiator [main] HHH000026: Second-level cache disabled
2024-10-07 23:55:23,463 INFO SpringPersistenceUnitInfo [main] No LoadTimeWeaver setup: ignoring JPA class transformer
2024-10-07 23:55:23,524 INFO HikariDataSource [main] HikariPool-1 - Starting...
2024-10-07 23:55:24,031 INFO HikariPool [main] HikariPool-1 - Added connection com.mysql.cj.jdbc.ConnectionImpl@1aef7428
2024-10-07 23:55:24,035 INFO HikariDataSource [main] HikariPool-1 - Start completed.
2024-10-07 23:55:24,137 WARN DialectFactoryImpl [main] HHH90000025: MySQLDialect does not need to be specified explicitly using 'hibernate.dialect' (remove the property setting and it will be selected by default)
2024-10-07 23:55:25,669 INFO JtaPlatformInitiator [main] HHH000489: No JTA platform available (set 'hibernate.transaction.jta.platform' to enable JTA platform integration)
2024-10-07 23:55:25,675 INFO AbstractEntityManagerFactoryBean [main] Initialized JPA EntityManagerFactory for persistence unit 'default'
2024-10-07 23:55:26,132 INFO QueryEnhancerFactory [main] Hibernate is in classpath; If applicable, HQL parser will be used.
2024-10-07 23:55:27,008 WARN JpaBaseConfiguration$JpaWebConfiguration [main] spring.jpa.open-in-view is enabled by default. Therefore, database queries may be performed during view rendering. Explicitly configure spring.jpa.open-in-view to disable this warning
2024-10-07 23:55:28,057 INFO EndpointLinksResolver [main] Exposing 1 endpoint beneath base path '/actuator'
2024-10-07 23:55:28,173 INFO DirectJDKLog [main] Starting ProtocolHandler ["http-nio-8081"]
2024-10-07 23:55:28,216 INFO TomcatWebServer [main] Tomcat started on port 8081 (http) with context path '/'
2024-10-07 23:55:28,247 INFO StartupInfoLogger [main] Started RidebookingApplication in 9.609 seconds (process running for 11.153)
2024-10-07 23:55:28,247 INFO StartupInfoLogger [main] Started RidebookingApplication in 9.609 seconds (process running for 11.153)
2024-10-07 23:55:54,176 INFO DirectJDKLog [http-nio-8081-exec-1] Initializing Spring DispatcherServlet 'dispatcherServlet'
2024-10-07 23:55:54,177 INFO FrameworkServlet [http-nio-8081-exec-1] Initializing Servlet 'dispatcherServlet'
2024-10-07 23:55:54,180 INFO FrameworkServlet [http-nio-8081-exec-1] Completed initialization in 2 ms
