2024-10-07 23:54:49,032 INFO AnnotationConfigContextLoaderUtils [main] Could not detect default configuration classes for test class [edu.uow.lts.ridebooking.RidebookingApplicationTests]: RidebookingApplicationTests does not declare any static, non-private, non-final, nested classes annotated with @Configuration.
2024-10-07 23:54:49,233 INFO SpringBootTestContextBootstrapper [main] Found @SpringBootConfiguration edu.uow.lts.ridebooking.RidebookingApplication for test class edu.uow.lts.ridebooking.RidebookingApplicationTests
2024-10-07 23:54:49,954 INFO StartupInfoLogger [main] Starting RidebookingApplicationTests using Java 17.0.10 with PID 21032 (started by HP in D:\Sem 3\CSCI927\Project\Project -927\Workspace\lts)
2024-10-07 23:54:49,954 INFO StartupInfoLogger [main] Starting RidebookingApplicationTests using Java 17.0.10 with PID 21032 (started by HP in D:\Sem 3\CSCI927\Project\Project -927\Workspace\lts)
2024-10-07 23:54:49,963 DEBUG StartupInfoLogger [main] Running with Spring Boot v3.3.4, Spring v6.1.13
2024-10-07 23:54:49,963 DEBUG StartupInfoLogger [main] Running with Spring Boot v3.3.4, Spring v6.1.13
2024-10-07 23:54:49,965 INFO SpringApplication [main] No active profile set, falling back to 1 default profile: "default"
2024-10-07 23:54:49,965 INFO SpringApplication [main] No active profile set, falling back to 1 default profile: "default"
2024-10-07 23:54:52,095 INFO RepositoryConfigurationDelegate [main] Bootstrapping Spring Data JPA repositories in DEFAULT mode.
2024-10-07 23:54:52,214 INFO RepositoryConfigurationDelegate [main] Finished Spring Data repository scanning in 95 ms. Found 2 JPA repository interfaces.
2024-10-07 23:54:53,343 INFO LogHelper [main] HHH000204: Processing PersistenceUnitInfo [name: default]
2024-10-07 23:54:53,491 INFO Version [main] HHH000412: Hibernate ORM core version 6.5.3.Final
2024-10-07 23:54:53,572 INFO RegionFactoryInitiator [main] HHH000026: Second-level cache disabled
2024-10-07 23:54:54,325 INFO SpringPersistenceUnitInfo [main] No LoadTimeWeaver setup: ignoring JPA class transformer
2024-10-07 23:54:54,398 INFO HikariDataSource [main] HikariPool-1 - Starting...
2024-10-07 23:54:55,023 INFO HikariPool [main] HikariPool-1 - Added connection com.mysql.cj.jdbc.ConnectionImpl@5740ad76
2024-10-07 23:54:55,029 INFO HikariDataSource [main] HikariPool-1 - Start completed.
2024-10-07 23:54:55,150 WARN DialectFactoryImpl [main] HHH90000025: MySQLDialect does not need to be specified explicitly using 'hibernate.dialect' (remove the property setting and it will be selected by default)
2024-10-07 23:54:56,952 INFO JtaPlatformInitiator [main] HHH000489: No JTA platform available (set 'hibernate.transaction.jta.platform' to enable JTA platform integration)
2024-10-07 23:54:56,957 INFO AbstractEntityManagerFactoryBean [main] Initialized JPA EntityManagerFactory for persistence unit 'default'
2024-10-07 23:54:57,534 INFO QueryEnhancerFactory [main] Hibernate is in classpath; If applicable, HQL parser will be used.
2024-10-07 23:54:59,099 WARN JpaBaseConfiguration$JpaWebConfiguration [main] spring.jpa.open-in-view is enabled by default. Therefore, database queries may be performed during view rendering. Explicitly configure spring.jpa.open-in-view to disable this warning
2024-10-07 23:55:00,657 INFO EndpointLinksResolver [main] Exposing 1 endpoint beneath base path '/actuator'
2024-10-07 23:55:00,782 INFO StartupInfoLogger [main] Started RidebookingApplicationTests in 11.317 seconds (process running for 14.758)
2024-10-07 23:55:00,782 INFO StartupInfoLogger [main] Started RidebookingApplicationTests in 11.317 seconds (process running for 14.758)
2024-10-07 23:55:01,987 INFO AbstractEntityManagerFactoryBean [SpringApplicationShutdownHook] Closing JPA EntityManagerFactory for persistence unit 'default'
2024-10-07 23:55:01,992 INFO HikariDataSource [SpringApplicationShutdownHook] HikariPool-1 - Shutdown initiated...
2024-10-07 23:55:02,020 INFO HikariDataSource [SpringApplicationShutdownHook] HikariPool-1 - Shutdown completed.
